Content-Type: text/plain; charset="utf-8"
MIME-Version: 1.0
Content-Transfer-Encoding: 7bit
Subject: 
From: webmaster@localhost
To: asiong@gmail.com
Date: Thu, 15 Jun 2023 15:20:35 -0000
Message-ID: <168684243589.11048.12520386306799002216@LAPTOP-43446LMC>

Someone asked for password reset for email asiong@gmail.com. Follow the link below:
http://127.0.0.1:8000/accounts/reset/MQ/bpv2ab-98c59c9624cabe1fd29130707054514a/
-------------------------------------------------------------------------------
Content-Type: text/plain; charset="utf-8"
MIME-Version: 1.0
Content-Transfer-Encoding: 7bit
Subject: 
From: webmaster@localhost
To: asiong@gmail.com
Date: Thu, 15 Jun 2023 15:20:35 -0000
Message-ID: <168684243590.11048.4685446645020196827@LAPTOP-43446LMC>

Someone asked for password reset for email asiong@gmail.com. Follow the link below:
http://127.0.0.1:8000/accounts/reset/Mw/bpv2ab-4744c5182a4bdd1c8a51edf9d34009a1/
-------------------------------------------------------------------------------
